2014-10-21 00:26:56,683 [ INFO] try to connect to server on port 65535 address /91.218.47.19 at connection.ServerConnection.run(ServerConnection.java:56)
2014-10-21 00:27:37,177 [ INFO] start login function at connection.ServerConnection.login(ServerConnection.java:97)
2014-10-21 00:27:37,179 [ INFO] Disconnect from server at connection.ServerConnection.isActive(ServerConnection.java:83)
2014-10-21 00:27:54,298 [ INFO] Log OUT at connection.ServerConnection.logOut(ServerConnection.java:245)
2014-10-21 00:28:57,085 [ INFO] try to connect to server on port 65535 address /91.218.47.19 at connection.ServerConnection.run(ServerConnection.java:56)
2014-10-21 00:29:00,192 [ INFO] Log OUT at connection.ServerConnection.logOut(ServerConnection.java:245)
2014-10-21 00:30:11,411 [ INFO] try to connect to server on port 65535 address /91.218.47.19 at connection.ServerConnection.run(ServerConnection.java:56)
2014-10-21 00:30:15,658 [ INFO] start login function at connection.ServerConnection.login(ServerConnection.java:97)
2014-10-21 00:30:15,660 [ INFO] Disconnect from server at connection.ServerConnection.isActive(ServerConnection.java:83)
2014-10-21 00:30:17,683 [ INFO] Disconnect from server at connection.ServerConnection.isActive(ServerConnection.java:83)
2014-10-21 00:30:20,905 [ INFO] Log OUT at connection.ServerConnection.logOut(ServerConnection.java:245)
2014-10-21 00:38:30,637 [ INFO] try to connect to server on port 65535 address /91.218.47.19 at connection.ServerConnection.run(ServerConnection.java:56)
2014-10-21 00:38:42,915 [ INFO] start login function at connection.ServerConnection.login(ServerConnection.java:99)
2014-10-21 00:38:43,008 [ INFO] Disconnect from server at connection.ServerConnection.isActive(ServerConnection.java:85)
2014-10-21 00:38:45,621 [ INFO] Disconnect from server at connection.ServerConnection.isActive(ServerConnection.java:85)
2014-10-21 00:38:47,695 [ INFO] Log OUT at connection.ServerConnection.logOut(ServerConnection.java:247)
2014-10-21 00:40:37,825 [ERROR] java.net.ConnectException: Время ожидания соединения истекло at connection.ServerConnection.run(ServerConnection.java:70)
2014-10-21 00:40:37,825 [ INFO] Unknown inet address ERROR at connection.ServerConnection.run(ServerConnection.java:71)
2014-10-21 00:40:37,826 [ INFO] не удалось соединиться с вервером. Попробуйте позже. at connection.ServerConnection.run(ServerConnection.java:72)
2014-10-21 00:40:37,826 [ INFO] Log OUT at connection.ServerConnection.logOut(ServerConnection.java:247)
2014-10-21 00:42:24,884 [ INFO] try to connect to server on port 65535 address /91.218.47.19 at connection.ServerConnection.run(ServerConnection.java:56)
2014-10-21 00:42:27,962 [ INFO] start login function at connection.ServerConnection.login(ServerConnection.java:99)
2014-10-21 00:42:27,965 [ INFO] Disconnect from server at connection.ServerConnection.isActive(ServerConnection.java:85)
2014-10-21 00:42:34,549 [ INFO] Log OUT at connection.ServerConnection.logOut(ServerConnection.java:247)
2014-10-21 00:49:18,709 [ INFO] try to connect to server on port 65535 address /127.0.0.1 at connection.ServerConnection.run(ServerConnection.java:56)
2014-10-21 00:49:18,715 [ INFO] Connected Successeful at connection.ServerConnection.run(ServerConnection.java:61)
2014-10-21 00:49:45,693 [ INFO] start registerUser function at connection.ServerConnection.registerUser(ServerConnection.java:139)
2014-10-21 00:49:45,702 [ INFO] write REG_USER at connection.ServerConnection.registerUser(ServerConnection.java:150)
2014-10-21 00:49:45,716 [ INFO] write RegistrationData object
{"password":"password","surname":"asf","name":"asdf","tel":"0501724062","login":"login","email":"andy@gmail.com"} at connection.ServerConnection.registerUser(ServerConnection.java:163)
2014-10-21 00:49:45,717 [ INFO] try to read request ... at connection.ServerConnection.registerUser(ServerConnection.java:166)
2014-10-21 00:49:45,783 [ INFO] server request are: false at connection.ServerConnection.registerUser(ServerConnection.java:170)
2014-10-21 00:49:45,785 [ INFO] Попытка зарегистрироваться не удалась ((( at connection.ServerConnection.registerUser(ServerConnection.java:175)
2014-10-21 00:50:45,198 [ INFO] Log OUT at connection.ServerConnection.logOut(ServerConnection.java:246)
2014-10-21 00:51:32,948 [ INFO] try to connect to server on port 65535 address /127.0.0.1 at connection.ServerConnection.run(ServerConnection.java:56)
2014-10-21 00:51:32,955 [ INFO] Connected Successeful at connection.ServerConnection.run(ServerConnection.java:61)
2014-10-21 00:51:59,376 [ INFO] start registerUser function at connection.ServerConnection.registerUser(ServerConnection.java:139)
2014-10-21 00:51:59,381 [ INFO] write REG_USER at connection.ServerConnection.registerUser(ServerConnection.java:150)
2014-10-21 00:51:59,390 [ INFO] write RegistrationData object
{"password":"password","surname":"af","name":"af","tel":"0501724062","login":"login","email":"anfe@gmail.com"} at connection.ServerConnection.registerUser(ServerConnection.java:163)
2014-10-21 00:51:59,391 [ INFO] try to read request ... at connection.ServerConnection.registerUser(ServerConnection.java:166)
2014-10-21 00:51:59,490 [ INFO] server request are: true at connection.ServerConnection.registerUser(ServerConnection.java:170)
2014-10-21 00:51:59,490 [ INFO] Поздравляем! Вы успешно загеристрированы at connection.ServerConnection.registerUser(ServerConnection.java:175)
2014-10-21 00:52:14,356 [ INFO] start login function at connection.ServerConnection.login(ServerConnection.java:98)
2014-10-21 00:52:14,359 [ INFO] write LOG_IN at connection.ServerConnection.login(ServerConnection.java:111)
2014-10-21 00:52:14,366 [ INFO] write Login data at connection.ServerConnection.login(ServerConnection.java:116)
2014-10-21 00:52:14,366 [ INFO] try to read request ... at connection.ServerConnection.login(ServerConnection.java:119)
2014-10-21 00:52:14,438 [ INFO] in getContentData at connection.ServerConnection.getContentData(ServerConnection.java:202)
2014-10-21 00:52:14,439 [ INFO] try to read data at connection.ServerConnection.getContentData(ServerConnection.java:208)
2014-10-21 00:52:14,444 [ INFO] read from server {"0":{"date":"2014-10-16","result":"1. Боруссия М. забьет гол проход 93%\n2. Ф2 (0) проход 84%\n3. 1 тайм ТБ 1 проход 68%","time":"18:00","event":"ГЕРМАНИЯ: Бундеслига\nПадерборн - Боруссия М"},"1":{"date":"2014-10-16","result":"1. ПСВ забьет в первом тайме - проход 85%\n2. ПСВ не проиграет - проход 89%\n3. Херенвен ТМ 2.5 - проход 92%\n4. ТБ угловых 12.5 - проход 88%","time":"19:00","event":"НИДЕРЛАНДЫ: Высшая лига\nХеренвен- ПСВ"},"2":{"date":"2014-10-16","result":"1. Боруссия М. забьет гол проход 93%\n2. Ф2 (0) проход 84%\n3. 1 тайм ТБ 1 проход 68%","time":"20:00","event":"ГЕРМАНИЯ: Бундеслига\nПадерборн - Боруссия М"}} at connection.ServerConnection.getContentData(ServerConnection.java:211)
2014-10-21 00:52:14,519 [ INFO] objectData == null at connection.ServerConnection.getContentData(ServerConnection.java:223)
2014-10-21 00:52:27,061 [ INFO] in getContentData at connection.ServerConnection.getContentData(ServerConnection.java:202)
2014-10-21 00:52:27,062 [ INFO] try to read data at connection.ServerConnection.getContentData(ServerConnection.java:208)
2014-10-21 00:52:27,066 [ INFO] read from server {"0":{"date":"2014-10-16","result":"1. Боруссия М. забьет гол проход 93%\n2. Ф2 (0) проход 84%\n3. 1 тайм ТБ 1 проход 68%","time":"18:00","event":"ГЕРМАНИЯ: Бундеслига\nПадерборн - Боруссия М"},"1":{"date":"2014-10-16","result":"1. ПСВ забьет в первом тайме - проход 85%\n2. ПСВ не проиграет - проход 89%\n3. Херенвен ТМ 2.5 - проход 92%\n4. ТБ угловых 12.5 - проход 88%","time":"19:00","event":"НИДЕРЛАНДЫ: Высшая лига\nХеренвен- ПСВ"},"2":{"date":"2014-10-16","result":"1. Боруссия М. забьет гол проход 93%\n2. Ф2 (0) проход 84%\n3. 1 тайм ТБ 1 проход 68%","time":"20:00","event":"ГЕРМАНИЯ: Бундеслига\nПадерборн - Боруссия М"}} at connection.ServerConnection.getContentData(ServerConnection.java:211)
2014-10-21 00:52:27,067 [ INFO] objectData == null at connection.ServerConnection.getContentData(ServerConnection.java:223)
2014-10-21 00:52:51,500 [ INFO] Log OUT at connection.ServerConnection.logOut(ServerConnection.java:246)
2014-10-21 01:05:37,163 [ INFO] try to connect to server on port 65535 address /127.0.0.1 at connection.ServerConnection.run(ServerConnection.java:56)
2014-10-21 01:05:37,169 [ INFO] Connected Successeful at connection.ServerConnection.run(ServerConnection.java:61)
2014-10-21 01:05:44,121 [ INFO] start login function at connection.ServerConnection.login(ServerConnection.java:98)
2014-10-21 01:05:44,126 [ INFO] write LOG_IN at connection.ServerConnection.login(ServerConnection.java:111)
2014-10-21 01:05:44,234 [ INFO] write Login data at connection.ServerConnection.login(ServerConnection.java:116)
2014-10-21 01:05:44,236 [ INFO] try to read request ... at connection.ServerConnection.login(ServerConnection.java:119)
2014-10-21 01:06:16,608 [ INFO] start login function at connection.ServerConnection.login(ServerConnection.java:98)
2014-10-21 01:06:16,609 [ INFO] write LOG_IN at connection.ServerConnection.login(ServerConnection.java:111)
2014-10-21 01:06:16,610 [ INFO] write Login data at connection.ServerConnection.login(ServerConnection.java:116)
2014-10-21 01:06:16,610 [ INFO] try to read request ... at connection.ServerConnection.login(ServerConnection.java:119)
2014-10-21 01:06:19,739 [ INFO] Log OUT at connection.ServerConnection.logOut(ServerConnection.java:246)
2014-10-21 01:07:24,697 [ INFO] try to connect to server on port 65535 address /127.0.0.1 at connection.ServerConnection.run(ServerConnection.java:56)
2014-10-21 01:07:24,703 [ INFO] Connected Successeful at connection.ServerConnection.run(ServerConnection.java:61)
2014-10-21 01:07:31,088 [ INFO] start login function at connection.ServerConnection.login(ServerConnection.java:98)
2014-10-21 01:07:31,093 [ INFO] write LOG_IN at connection.ServerConnection.login(ServerConnection.java:111)
2014-10-21 01:07:31,189 [ INFO] write Login data at connection.ServerConnection.login(ServerConnection.java:116)
2014-10-21 01:07:31,190 [ INFO] try to read request ... at connection.ServerConnection.login(ServerConnection.java:119)
2014-10-21 01:08:30,568 [ INFO] Log OUT at connection.ServerConnection.logOut(ServerConnection.java:246)
2014-10-21 01:08:51,270 [ INFO] try to connect to server on port 65535 address /127.0.0.1 at connection.ServerConnection.run(ServerConnection.java:56)
2014-10-21 01:08:51,276 [ INFO] Connected Successeful at connection.ServerConnection.run(ServerConnection.java:61)
2014-10-21 01:09:01,848 [ INFO] start login function at connection.ServerConnection.login(ServerConnection.java:98)
2014-10-21 01:09:01,853 [ INFO] write LOG_IN at connection.ServerConnection.login(ServerConnection.java:111)
2014-10-21 01:09:01,956 [ INFO] write Login data at connection.ServerConnection.login(ServerConnection.java:116)
2014-10-21 01:09:01,958 [ INFO] try to read request ... at connection.ServerConnection.login(ServerConnection.java:119)
2014-10-21 01:09:02,038 [ INFO] in getContentData at connection.ServerConnection.getContentData(ServerConnection.java:202)
2014-10-21 01:09:02,040 [ INFO] try to read data at connection.ServerConnection.getContentData(ServerConnection.java:208)
2014-10-21 01:09:02,052 [ INFO] read data from server  at connection.ServerConnection.getContentData(ServerConnection.java:211)
2014-10-21 01:09:02,101 [ INFO] objectData == null at connection.ServerConnection.getContentData(ServerConnection.java:223)
2014-10-21 01:09:20,556 [ INFO] Log OUT at connection.ServerConnection.logOut(ServerConnection.java:246)
2014-10-21 01:23:10,749 [ INFO] try to connect to server on port 65535 address /127.0.0.1 at connection.ServerConnection.run(ServerConnection.java:56)
2014-10-21 01:23:10,756 [ INFO] Connected Successeful at connection.ServerConnection.run(ServerConnection.java:61)
2014-10-21 01:23:19,207 [ INFO] start login function at connection.ServerConnection.login(ServerConnection.java:98)
2014-10-21 01:23:19,296 [ INFO] write LOG_IN at connection.ServerConnection.login(ServerConnection.java:111)
2014-10-21 01:23:19,304 [ INFO] write Login data at connection.ServerConnection.login(ServerConnection.java:116)
2014-10-21 01:23:19,305 [ INFO] try to read request ... at connection.ServerConnection.login(ServerConnection.java:119)
2014-10-21 01:23:28,105 [ INFO] start login function at connection.ServerConnection.login(ServerConnection.java:98)
2014-10-21 01:23:28,105 [ INFO] write LOG_IN at connection.ServerConnection.login(ServerConnection.java:111)
2014-10-21 01:23:28,106 [ INFO] write Login data at connection.ServerConnection.login(ServerConnection.java:116)
2014-10-21 01:23:28,108 [ INFO] try to read request ... at connection.ServerConnection.login(ServerConnection.java:119)
2014-10-21 01:23:46,878 [ INFO] start login function at connection.ServerConnection.login(ServerConnection.java:98)
2014-10-21 01:23:46,879 [ INFO] write LOG_IN at connection.ServerConnection.login(ServerConnection.java:111)
2014-10-21 01:23:46,879 [ INFO] write Login data at connection.ServerConnection.login(ServerConnection.java:116)
2014-10-21 01:23:46,880 [ INFO] try to read request ... at connection.ServerConnection.login(ServerConnection.java:119)
2014-10-21 01:23:51,804 [ INFO] Log OUT at connection.ServerConnection.logOut(ServerConnection.java:246)
2014-10-21 01:27:28,879 [ INFO] try to connect to server on port 65535 address /127.0.0.1 at connection.ServerConnection.run(ServerConnection.java:56)
2014-10-21 01:27:28,886 [ INFO] Connected Successeful at connection.ServerConnection.run(ServerConnection.java:61)
2014-10-21 01:27:35,842 [ INFO] start login function at connection.ServerConnection.login(ServerConnection.java:98)
2014-10-21 01:27:35,848 [ INFO] write LOG_IN at connection.ServerConnection.login(ServerConnection.java:111)
2014-10-21 01:27:35,944 [ INFO] write Login data at connection.ServerConnection.login(ServerConnection.java:116)
2014-10-21 01:27:35,945 [ INFO] try to read request ... at connection.ServerConnection.login(ServerConnection.java:119)
2014-10-21 01:27:42,920 [ INFO] start login function at connection.ServerConnection.login(ServerConnection.java:98)
2014-10-21 01:27:42,922 [ INFO] write LOG_IN at connection.ServerConnection.login(ServerConnection.java:111)
2014-10-21 01:27:42,923 [ INFO] write Login data at connection.ServerConnection.login(ServerConnection.java:116)
2014-10-21 01:27:42,924 [ INFO] try to read request ... at connection.ServerConnection.login(ServerConnection.java:119)
2014-10-21 01:27:43,057 [ INFO] in getContentData at connection.ServerConnection.getContentData(ServerConnection.java:202)
2014-10-21 01:27:43,089 [ INFO] try to read data at connection.ServerConnection.getContentData(ServerConnection.java:208)
2014-10-21 01:27:43,090 [ INFO] read data from server  at connection.ServerConnection.getContentData(ServerConnection.java:211)
2014-10-21 01:27:43,149 [ INFO] objectData == null at connection.ServerConnection.getContentData(ServerConnection.java:223)
2014-10-21 01:27:46,162 [ INFO] Log OUT at connection.ServerConnection.logOut(ServerConnection.java:246)
2014-10-21 01:32:52,507 [ INFO] try to connect to server on port 65535 address /127.0.0.1 at connection.ServerConnection.run(ServerConnection.java:56)
2014-10-21 01:32:52,516 [ INFO] Connected Successeful at connection.ServerConnection.run(ServerConnection.java:61)
2014-10-21 01:33:00,909 [ INFO] start login function at connection.ServerConnection.login(ServerConnection.java:98)
2014-10-21 01:33:01,008 [ INFO] write LOG_IN at connection.ServerConnection.login(ServerConnection.java:111)
2014-10-21 01:33:01,017 [ INFO] write Login data at connection.ServerConnection.login(ServerConnection.java:116)
2014-10-21 01:33:01,018 [ INFO] try to read request ... at connection.ServerConnection.login(ServerConnection.java:119)
2014-10-21 01:33:13,426 [ INFO] start login function at connection.ServerConnection.login(ServerConnection.java:98)
2014-10-21 01:33:13,427 [ INFO] write LOG_IN at connection.ServerConnection.login(ServerConnection.java:111)
2014-10-21 01:33:13,428 [ INFO] write Login data at connection.ServerConnection.login(ServerConnection.java:116)
2014-10-21 01:33:13,429 [ INFO] try to read request ... at connection.ServerConnection.login(ServerConnection.java:119)
2014-10-21 01:33:13,594 [ INFO] in getContentData at connection.ServerConnection.getContentData(ServerConnection.java:202)
2014-10-21 01:33:13,595 [ INFO] try to read data at connection.ServerConnection.getContentData(ServerConnection.java:208)
2014-10-21 01:33:13,608 [ INFO] read data from server  at connection.ServerConnection.getContentData(ServerConnection.java:211)
2014-10-21 01:33:13,751 [ INFO] objectData == null at connection.ServerConnection.getContentData(ServerConnection.java:223)
2014-10-21 01:33:15,995 [ INFO] Log OUT at connection.ServerConnection.logOut(ServerConnection.java:246)
2014-10-21 01:37:26,281 [ INFO] try to connect to server on port 65535 address /127.0.0.1 at connection.ServerConnection.run(ServerConnection.java:56)
2014-10-21 01:37:26,288 [ INFO] Connected Successeful at connection.ServerConnection.run(ServerConnection.java:61)
2014-10-21 01:37:31,543 [ INFO] start login function at connection.ServerConnection.login(ServerConnection.java:98)
2014-10-21 01:37:31,548 [ INFO] write LOG_IN at connection.ServerConnection.login(ServerConnection.java:111)
2014-10-21 01:37:31,553 [ INFO] write Login data at connection.ServerConnection.login(ServerConnection.java:116)
2014-10-21 01:37:31,553 [ INFO] try to read request ... at connection.ServerConnection.login(ServerConnection.java:119)
2014-10-21 01:37:31,897 [ INFO] in getContentData at connection.ServerConnection.getContentData(ServerConnection.java:202)
2014-10-21 01:37:31,900 [ INFO] try to read data at connection.ServerConnection.getContentData(ServerConnection.java:208)
2014-10-21 01:37:31,905 [ INFO] read data from server  at connection.ServerConnection.getContentData(ServerConnection.java:211)
2014-10-21 01:37:31,933 [ INFO] objectData == null at connection.ServerConnection.getContentData(ServerConnection.java:223)
2014-10-21 01:37:41,479 [ INFO] Log OUT at connection.ServerConnection.logOut(ServerConnection.java:246)
2014-10-21 01:45:20,791 [ INFO] try to connect to server on port 65535 address /127.0.0.1 at connection.ServerConnection.run(ServerConnection.java:56)
2014-10-21 01:45:20,802 [ INFO] Connected Successeful at connection.ServerConnection.run(ServerConnection.java:61)
2014-10-21 01:45:25,644 [ INFO] start login function at connection.ServerConnection.login(ServerConnection.java:98)
2014-10-21 01:45:25,653 [ INFO] write LOG_IN at connection.ServerConnection.login(ServerConnection.java:111)
2014-10-21 01:45:25,660 [ INFO] write Login data at connection.ServerConnection.login(ServerConnection.java:116)
2014-10-21 01:45:25,660 [ INFO] try to read request ... at connection.ServerConnection.login(ServerConnection.java:119)
2014-10-21 01:45:25,972 [ INFO] in getContentData at connection.ServerConnection.getContentData(ServerConnection.java:202)
2014-10-21 01:45:25,975 [ INFO] try to read data at connection.ServerConnection.getContentData(ServerConnection.java:208)
2014-10-21 01:45:25,983 [ INFO] read data from server  at connection.ServerConnection.getContentData(ServerConnection.java:211)
2014-10-21 01:45:26,044 [ INFO] objectData == null at connection.ServerConnection.getContentData(ServerConnection.java:223)
2014-10-21 01:45:35,462 [ INFO] Log OUT at connection.ServerConnection.logOut(ServerConnection.java:246)
2014-10-21 01:45:58,172 [ INFO] try to connect to server on port 65535 address /127.0.0.1 at connection.ServerConnection.run(ServerConnection.java:56)
2014-10-21 01:45:58,177 [ INFO] Connected Successeful at connection.ServerConnection.run(ServerConnection.java:61)
2014-10-21 01:46:09,034 [ INFO] start login function at connection.ServerConnection.login(ServerConnection.java:98)
2014-10-21 01:46:09,040 [ INFO] write LOG_IN at connection.ServerConnection.login(ServerConnection.java:111)
2014-10-21 01:46:09,046 [ INFO] write Login data at connection.ServerConnection.login(ServerConnection.java:116)
2014-10-21 01:46:09,047 [ INFO] try to read request ... at connection.ServerConnection.login(ServerConnection.java:119)
2014-10-21 01:46:09,495 [ INFO] in getContentData at connection.ServerConnection.getContentData(ServerConnection.java:202)
2014-10-21 01:46:09,500 [ INFO] try to read data at connection.ServerConnection.getContentData(ServerConnection.java:208)
2014-10-21 01:46:09,522 [ INFO] read data from server  at connection.ServerConnection.getContentData(ServerConnection.java:211)
2014-10-21 01:46:09,595 [ INFO] objectData == null at connection.ServerConnection.getContentData(ServerConnection.java:223)
2014-10-21 01:46:12,091 [ INFO] Log OUT at connection.ServerConnection.logOut(ServerConnection.java:246)
2014-10-21 01:47:33,301 [ INFO] try to connect to server on port 65535 address /127.0.0.1 at connection.ServerConnection.run(ServerConnection.java:56)
2014-10-21 01:47:33,306 [ INFO] Connected Successeful at connection.ServerConnection.run(ServerConnection.java:61)
2014-10-21 01:47:38,570 [ INFO] start login function at connection.ServerConnection.login(ServerConnection.java:98)
2014-10-21 01:47:38,577 [ INFO] write LOG_IN at connection.ServerConnection.login(ServerConnection.java:111)
2014-10-21 01:47:38,582 [ INFO] write Login data at connection.ServerConnection.login(ServerConnection.java:116)
2014-10-21 01:47:38,583 [ INFO] try to read request ... at connection.ServerConnection.login(ServerConnection.java:119)
2014-10-21 01:47:38,872 [ INFO] in getContentData at connection.ServerConnection.getContentData(ServerConnection.java:202)
2014-10-21 01:47:38,873 [ INFO] try to read data at connection.ServerConnection.getContentData(ServerConnection.java:208)
2014-10-21 01:47:38,880 [ INFO] read data from server  at connection.ServerConnection.getContentData(ServerConnection.java:211)
2014-10-21 01:47:38,925 [ INFO] objectData == null at connection.ServerConnection.getContentData(ServerConnection.java:223)
2014-10-21 01:47:41,222 [ INFO] Log OUT at connection.ServerConnection.logOut(ServerConnection.java:246)
2014-10-21 01:48:05,935 [ INFO] try to connect to server on port 65535 address /127.0.0.1 at connection.ServerConnection.run(ServerConnection.java:56)
2014-10-21 01:48:05,939 [ERROR] java.net.ConnectException: В соединении отказано at connection.ServerConnection.run(ServerConnection.java:69)
2014-10-21 01:48:05,940 [ INFO] Unknown inet address ERROR at connection.ServerConnection.run(ServerConnection.java:70)
2014-10-21 01:48:05,940 [ INFO] не удалось соединиться с сервером. Попробуйте позже. at connection.ServerConnection.run(ServerConnection.java:71)
2014-10-21 01:48:05,941 [ INFO] Log OUT at connection.ServerConnection.logOut(ServerConnection.java:246)
2014-10-21 01:48:10,656 [ INFO] Log OUT at connection.ServerConnection.logOut(ServerConnection.java:246)
2014-10-21 01:53:29,791 [ INFO] try to connect to server on port 65535 address /127.0.0.1 at connection.ServerConnection.run(ServerConnection.java:56)
2014-10-21 01:53:29,799 [ INFO] Connected Successeful at connection.ServerConnection.run(ServerConnection.java:61)
2014-10-21 01:53:42,156 [ INFO] start login function at connection.ServerConnection.login(ServerConnection.java:98)
2014-10-21 01:53:42,162 [ INFO] write LOG_IN at connection.ServerConnection.login(ServerConnection.java:111)
2014-10-21 01:53:42,170 [ INFO] write Login data at connection.ServerConnection.login(ServerConnection.java:116)
2014-10-21 01:53:42,171 [ INFO] try to read request ... at connection.ServerConnection.login(ServerConnection.java:119)
2014-10-21 01:53:47,278 [ INFO] start login function at connection.ServerConnection.login(ServerConnection.java:98)
2014-10-21 01:53:47,279 [ INFO] write LOG_IN at connection.ServerConnection.login(ServerConnection.java:111)
2014-10-21 01:53:47,279 [ INFO] write Login data at connection.ServerConnection.login(ServerConnection.java:116)
2014-10-21 01:53:47,280 [ INFO] try to read request ... at connection.ServerConnection.login(ServerConnection.java:119)
2014-10-21 01:53:57,799 [ INFO] Log OUT at connection.ServerConnection.logOut(ServerConnection.java:246)
2014-10-21 01:54:43,360 [ INFO] try to connect to server on port 65535 address /127.0.0.1 at connection.ServerConnection.run(ServerConnection.java:56)
2014-10-21 01:54:43,367 [ INFO] Connected Successeful at connection.ServerConnection.run(ServerConnection.java:61)
2014-10-21 01:54:46,729 [ INFO] Log OUT at connection.ServerConnection.logOut(ServerConnection.java:246)
2014-10-21 01:55:30,979 [ INFO] try to connect to server on port 65535 address /127.0.0.1 at connection.ServerConnection.run(ServerConnection.java:56)
2014-10-21 01:55:30,987 [ INFO] Connected Successeful at connection.ServerConnection.run(ServerConnection.java:61)
2014-10-21 01:57:55,027 [ INFO] Log OUT at connection.ServerConnection.logOut(ServerConnection.java:246)
2014-10-21 01:58:29,267 [ INFO] try to connect to server on port 65535 address /127.0.0.1 at connection.ServerConnection.run(ServerConnection.java:56)
2014-10-21 01:58:29,277 [ INFO] Connected Successeful at connection.ServerConnection.run(ServerConnection.java:61)
2014-10-21 01:58:39,938 [ INFO] start login function at connection.ServerConnection.login(ServerConnection.java:98)
2014-10-21 01:58:40,053 [ INFO] write LOG_IN at connection.ServerConnection.login(ServerConnection.java:111)
2014-10-21 01:58:40,059 [ INFO] write Login data at connection.ServerConnection.login(ServerConnection.java:116)
2014-10-21 01:58:40,060 [ INFO] try to read request ... at connection.ServerConnection.login(ServerConnection.java:119)
2014-10-21 01:58:44,334 [ INFO] Log OUT at connection.ServerConnection.logOut(ServerConnection.java:246)
2014-10-21 01:58:51,194 [ INFO] try to connect to server on port 65535 address /127.0.0.1 at connection.ServerConnection.run(ServerConnection.java:56)
2014-10-21 01:58:51,203 [ INFO] Connected Successeful at connection.ServerConnection.run(ServerConnection.java:61)
2014-10-21 01:59:26,934 [ INFO] Log OUT at connection.ServerConnection.logOut(ServerConnection.java:246)
2014-10-21 01:59:26,960 [ERROR] java.net.SocketException: Обрыв канала at connection.ServerConnection.logOut(ServerConnection.java:253)
2014-10-21 02:43:35,804 [ INFO] try to connect to server on port 65535 address /127.0.0.1 at connection.ServerConnection.run(ServerConnection.java:78)
2014-10-21 02:43:35,813 [ INFO] Connected Successeful at connection.ServerConnection.run(ServerConnection.java:83)
2014-10-21 02:44:00,920 [ INFO] start registerUser function at connection.ServerConnection.registerUser(ServerConnection.java:161)
2014-10-21 02:44:00,925 [ INFO] write REG_USER at connection.ServerConnection.registerUser(ServerConnection.java:172)
2014-10-21 02:44:00,931 [ INFO] write RegistrationData data at connection.ServerConnection.registerUser(ServerConnection.java:186)
2014-10-21 02:44:00,932 [ INFO] try to read request ... at connection.ServerConnection.registerUser(ServerConnection.java:189)
2014-10-21 02:44:00,995 [ INFO] server request are: true at connection.ServerConnection.registerUser(ServerConnection.java:193)
2014-10-21 02:44:00,996 [ INFO] Поздравляем! Вы успешно загеристрированы at connection.ServerConnection.registerUser(ServerConnection.java:198)
2014-10-21 02:45:04,485 [ INFO] start login function at connection.ServerConnection.login(ServerConnection.java:120)
2014-10-21 02:45:04,488 [ INFO] write LOG_IN at connection.ServerConnection.login(ServerConnection.java:133)
2014-10-21 02:45:04,494 [ INFO] write Login data at connection.ServerConnection.login(ServerConnection.java:138)
2014-10-21 02:45:04,494 [ INFO] try to read request ... at connection.ServerConnection.login(ServerConnection.java:141)
2014-10-21 02:45:31,690 [ INFO] start login function at connection.ServerConnection.login(ServerConnection.java:120)
2014-10-21 02:45:31,691 [ INFO] write LOG_IN at connection.ServerConnection.login(ServerConnection.java:133)
2014-10-21 02:45:31,692 [ INFO] write Login data at connection.ServerConnection.login(ServerConnection.java:138)
2014-10-21 02:45:31,693 [ INFO] try to read request ... at connection.ServerConnection.login(ServerConnection.java:141)
2014-10-21 02:45:34,367 [ INFO] start login function at connection.ServerConnection.login(ServerConnection.java:120)
2014-10-21 02:45:34,368 [ INFO] write LOG_IN at connection.ServerConnection.login(ServerConnection.java:133)
2014-10-21 02:45:34,369 [ INFO] write Login data at connection.ServerConnection.login(ServerConnection.java:138)
2014-10-21 02:45:34,369 [ INFO] try to read request ... at connection.ServerConnection.login(ServerConnection.java:141)
2014-10-21 02:46:54,524 [ INFO] Log OUT at connection.ServerConnection.logOut(ServerConnection.java:269)
2014-10-21 02:47:25,075 [ INFO] try to connect to server on port 65535 address /127.0.0.1 at connection.ServerConnection.run(ServerConnection.java:78)
2014-10-21 02:47:25,082 [ INFO] Connected Successeful at connection.ServerConnection.run(ServerConnection.java:83)
2014-10-21 02:47:29,630 [ INFO] start login function at connection.ServerConnection.login(ServerConnection.java:120)
2014-10-21 02:47:29,638 [ INFO] write LOG_IN at connection.ServerConnection.login(ServerConnection.java:133)
2014-10-21 02:47:29,643 [ INFO] write Login data at connection.ServerConnection.login(ServerConnection.java:138)
2014-10-21 02:47:29,644 [ INFO] try to read request ... at connection.ServerConnection.login(ServerConnection.java:141)
2014-10-21 02:47:29,972 [ INFO] in getContentData at connection.ServerConnection.getContentData(ServerConnection.java:225)
2014-10-21 02:47:29,973 [ INFO] try to read data at connection.ServerConnection.getContentData(ServerConnection.java:231)
2014-10-21 02:47:29,985 [ INFO] read data from server  at connection.ServerConnection.getContentData(ServerConnection.java:234)
2014-10-21 02:47:30,023 [ INFO] objectData == null at connection.ServerConnection.getContentData(ServerConnection.java:246)
2014-10-21 02:47:31,841 [ INFO] Log OUT at connection.ServerConnection.logOut(ServerConnection.java:269)
2014-10-21 03:02:00,353 [ INFO] try to connect to server on port 65535 address /127.0.0.1 at connection.ServerConnection.run(ServerConnection.java:82)
2014-10-21 03:02:00,359 [ INFO] Connected Successeful at connection.ServerConnection.run(ServerConnection.java:87)
2014-10-21 03:02:05,112 [ INFO] start login function at connection.ServerConnection.login(ServerConnection.java:124)
2014-10-21 03:02:05,122 [ INFO] write LOG_IN at connection.ServerConnection.login(ServerConnection.java:137)
2014-10-21 03:02:05,128 [ INFO] write Login data at connection.ServerConnection.login(ServerConnection.java:142)
2014-10-21 03:02:05,129 [ INFO] try to read request ... at connection.ServerConnection.login(ServerConnection.java:145)
2014-10-21 03:04:52,335 [ INFO] start login function at connection.ServerConnection.login(ServerConnection.java:124)
2014-10-21 03:04:52,337 [ INFO] write LOG_IN at connection.ServerConnection.login(ServerConnection.java:137)
2014-10-21 03:04:52,337 [ INFO] write Login data at connection.ServerConnection.login(ServerConnection.java:142)
2014-10-21 03:04:52,338 [ INFO] try to read request ... at connection.ServerConnection.login(ServerConnection.java:145)
2014-10-21 03:06:22,969 [ INFO] Log OUT at connection.ServerConnection.logOut(ServerConnection.java:273)
2014-10-21 03:06:50,141 [ INFO] try to connect to server on port 65535 address /127.0.0.1 at connection.ServerConnection.run(ServerConnection.java:82)
2014-10-21 03:06:50,151 [ INFO] Connected Successeful at connection.ServerConnection.run(ServerConnection.java:87)
2014-10-21 03:06:57,603 [ INFO] start login function at connection.ServerConnection.login(ServerConnection.java:124)
2014-10-21 03:06:57,699 [ INFO] write LOG_IN at connection.ServerConnection.login(ServerConnection.java:137)
2014-10-21 03:06:57,706 [ INFO] write Login data at connection.ServerConnection.login(ServerConnection.java:142)
2014-10-21 03:06:57,707 [ INFO] try to read request ... at connection.ServerConnection.login(ServerConnection.java:145)
2014-10-21 03:07:08,132 [ INFO] start login function at connection.ServerConnection.login(ServerConnection.java:124)
2014-10-21 03:07:08,133 [ INFO] write LOG_IN at connection.ServerConnection.login(ServerConnection.java:137)
2014-10-21 03:07:08,135 [ INFO] write Login data at connection.ServerConnection.login(ServerConnection.java:142)
2014-10-21 03:07:08,135 [ INFO] try to read request ... at connection.ServerConnection.login(ServerConnection.java:145)
2014-10-21 03:07:47,227 [ INFO] Log OUT at connection.ServerConnection.logOut(ServerConnection.java:273)
2014-10-21 17:44:39,441 [ INFO] try to connect to server on port 65535 address /91.218.47.19 at connection.ServerConnection.run(ServerConnection.java:82)
2014-10-21 17:44:39,467 [ERROR] java.net.SocketException: Сеть недоступна at connection.ServerConnection.run(ServerConnection.java:95)
2014-10-21 17:44:39,468 [ INFO] Unknown inet address ERROR at connection.ServerConnection.run(ServerConnection.java:96)
2014-10-21 17:44:39,468 [ INFO] не удалось соединиться с сервером. Попробуйте позже. at connection.ServerConnection.run(ServerConnection.java:97)
2014-10-21 17:44:39,468 [ INFO] Log OUT at connection.ServerConnection.logOut(ServerConnection.java:273)
2014-10-21 17:44:43,384 [ INFO] Log OUT at connection.ServerConnection.logOut(ServerConnection.java:273)
2014-10-21 18:34:39,205 [ INFO] try to connect to server on port 65535 address /91.218.47.19 at connection.ServerConnection.run(ServerConnection.java:82)
2014-10-21 18:34:39,278 [ INFO] Connected Successeful at connection.ServerConnection.run(ServerConnection.java:87)
2014-10-21 18:35:04,138 [ INFO] start login function at connection.ServerConnection.login(ServerConnection.java:124)
2014-10-21 18:35:04,146 [ INFO] write LOG_IN at connection.ServerConnection.login(ServerConnection.java:137)
2014-10-21 18:35:04,151 [ INFO] write Login data at connection.ServerConnection.login(ServerConnection.java:142)
2014-10-21 18:35:04,151 [ INFO] try to read request ... at connection.ServerConnection.login(ServerConnection.java:145)
2014-10-21 18:35:04,318 [ INFO] in getContentData at connection.ServerConnection.getContentData(ServerConnection.java:229)
2014-10-21 18:35:04,320 [ INFO] try to read data at connection.ServerConnection.getContentData(ServerConnection.java:235)
2014-10-21 18:35:04,339 [ INFO] read data from server  at connection.ServerConnection.getContentData(ServerConnection.java:238)
2014-10-21 18:35:04,376 [ INFO] objectData == null at connection.ServerConnection.getContentData(ServerConnection.java:250)
2014-10-21 18:37:55,481 [ INFO] Log OUT at connection.ServerConnection.logOut(ServerConnection.java:273)
2014-10-21 18:37:55,487 [ERROR] java.net.SocketException: Обрыв канала at connection.ServerConnection.logOut(ServerConnection.java:280)
2014-10-21 18:38:14,275 [ INFO] try to connect to server on port 65535 address /91.218.47.19 at connection.ServerConnection.run(ServerConnection.java:82)
2014-10-21 18:38:14,314 [ INFO] Connected Successeful at connection.ServerConnection.run(ServerConnection.java:87)
2014-10-21 18:38:23,441 [ INFO] start login function at connection.ServerConnection.login(ServerConnection.java:124)
2014-10-21 18:38:23,448 [ INFO] write LOG_IN at connection.ServerConnection.login(ServerConnection.java:137)
2014-10-21 18:38:23,454 [ INFO] write Login data at connection.ServerConnection.login(ServerConnection.java:142)
2014-10-21 18:38:23,455 [ INFO] try to read request ... at connection.ServerConnection.login(ServerConnection.java:145)
2014-10-21 18:38:23,685 [ INFO] in getContentData at connection.ServerConnection.getContentData(ServerConnection.java:229)
2014-10-21 18:38:23,686 [ INFO] try to read data at connection.ServerConnection.getContentData(ServerConnection.java:235)
2014-10-21 18:38:23,704 [ INFO] read data from server  at connection.ServerConnection.getContentData(ServerConnection.java:238)
2014-10-21 18:38:23,753 [ INFO] objectData == null at connection.ServerConnection.getContentData(ServerConnection.java:250)
2014-10-21 18:38:35,923 [ INFO] Log OUT at connection.ServerConnection.logOut(ServerConnection.java:273)
2014-10-21 18:38:54,192 [ INFO] try to connect to server on port 65535 address /91.218.47.19 at connection.ServerConnection.run(ServerConnection.java:82)
2014-10-21 18:38:54,198 [ INFO] Connected Successeful at connection.ServerConnection.run(ServerConnection.java:87)
2014-10-21 18:39:02,194 [ INFO] start login function at connection.ServerConnection.login(ServerConnection.java:124)
2014-10-21 18:39:02,284 [ INFO] write LOG_IN at connection.ServerConnection.login(ServerConnection.java:137)
2014-10-21 18:39:02,291 [ INFO] write Login data at connection.ServerConnection.login(ServerConnection.java:142)
2014-10-21 18:39:02,292 [ INFO] try to read request ... at connection.ServerConnection.login(ServerConnection.java:145)
2014-10-21 18:39:02,505 [ INFO] in getContentData at connection.ServerConnection.getContentData(ServerConnection.java:229)
2014-10-21 18:39:02,506 [ INFO] try to read data at connection.ServerConnection.getContentData(ServerConnection.java:235)
2014-10-21 18:39:02,513 [ INFO] read data from server  at connection.ServerConnection.getContentData(ServerConnection.java:238)
2014-10-21 18:39:02,543 [ INFO] objectData == null at connection.ServerConnection.getContentData(ServerConnection.java:250)
2014-10-21 18:40:18,291 [ INFO] Log OUT at connection.ServerConnection.logOut(ServerConnection.java:273)
2014-10-21 19:45:43,202 [ INFO] try to connect to server on port 65535 address /91.218.47.19 at connection.ServerConnection.run(ServerConnection.java:82)
2014-10-21 19:45:43,219 [ INFO] Connected Successeful at connection.ServerConnection.run(ServerConnection.java:87)
2014-10-21 19:46:56,207 [ INFO] start registerUser function at connection.ServerConnection.registerUser(ServerConnection.java:165)
2014-10-21 19:46:56,212 [ INFO] write REG_USER at connection.ServerConnection.registerUser(ServerConnection.java:176)
2014-10-21 19:46:56,218 [ INFO] write RegistrationData data at connection.ServerConnection.registerUser(ServerConnection.java:190)
2014-10-21 19:46:56,218 [ INFO] try to read request ... at connection.ServerConnection.registerUser(ServerConnection.java:193)
2014-10-21 19:46:56,331 [ INFO] server request are: true at connection.ServerConnection.registerUser(ServerConnection.java:197)
2014-10-21 19:46:56,332 [ INFO] Поздравляем! Вы успешно загеристрированы at connection.ServerConnection.registerUser(ServerConnection.java:202)
2014-10-21 19:47:01,573 [ INFO] start login function at connection.ServerConnection.login(ServerConnection.java:124)
2014-10-21 19:47:01,575 [ INFO] write LOG_IN at connection.ServerConnection.login(ServerConnection.java:137)
2014-10-21 19:47:01,578 [ INFO] write Login data at connection.ServerConnection.login(ServerConnection.java:142)
2014-10-21 19:47:01,579 [ INFO] try to read request ... at connection.ServerConnection.login(ServerConnection.java:145)
2014-10-21 19:47:01,838 [ INFO] in getContentData at connection.ServerConnection.getContentData(ServerConnection.java:229)
2014-10-21 19:47:01,839 [ INFO] try to read data at connection.ServerConnection.getContentData(ServerConnection.java:235)
2014-10-21 19:47:01,853 [ INFO] read data from server  at connection.ServerConnection.getContentData(ServerConnection.java:238)
2014-10-21 19:47:01,922 [ INFO] objectData == null at connection.ServerConnection.getContentData(ServerConnection.java:250)
2014-10-21 19:47:07,130 [ INFO] Log OUT at connection.ServerConnection.logOut(ServerConnection.java:273)
2014-10-21 20:25:14,862 [ INFO] try to connect to server on port 65535 address /91.218.47.19 at connection.ServerConnection.run(ServerConnection.java:82)
2014-10-21 20:25:14,869 [ INFO] Connected Successeful at connection.ServerConnection.run(ServerConnection.java:87)
2014-10-21 20:25:21,033 [ INFO] start login function at connection.ServerConnection.login(ServerConnection.java:124)
2014-10-21 20:25:21,041 [ INFO] write LOG_IN at connection.ServerConnection.login(ServerConnection.java:137)
2014-10-21 20:25:21,135 [ INFO] write Login data at connection.ServerConnection.login(ServerConnection.java:142)
2014-10-21 20:25:21,136 [ INFO] try to read request ... at connection.ServerConnection.login(ServerConnection.java:145)
2014-10-21 20:25:27,529 [ INFO] start login function at connection.ServerConnection.login(ServerConnection.java:124)
2014-10-21 20:25:27,531 [ INFO] write LOG_IN at connection.ServerConnection.login(ServerConnection.java:137)
2014-10-21 20:25:27,532 [ INFO] write Login data at connection.ServerConnection.login(ServerConnection.java:142)
2014-10-21 20:25:27,533 [ INFO] try to read request ... at connection.ServerConnection.login(ServerConnection.java:145)
2014-10-21 20:25:27,681 [ INFO] in getContentData at connection.ServerConnection.getContentData(ServerConnection.java:229)
2014-10-21 20:25:27,687 [ INFO] try to read data at connection.ServerConnection.getContentData(ServerConnection.java:235)
2014-10-21 20:25:27,697 [ INFO] read data from server  at connection.ServerConnection.getContentData(ServerConnection.java:238)
2014-10-21 20:25:27,701 [ INFO] objectData == null at connection.ServerConnection.getContentData(ServerConnection.java:250)
2014-10-21 20:25:40,272 [ INFO] in getContentData at connection.ServerConnection.getContentData(ServerConnection.java:229)
2014-10-21 20:25:40,272 [ INFO] try to read data at connection.ServerConnection.getContentData(ServerConnection.java:235)
2014-10-21 20:25:40,279 [ INFO] read data from server  at connection.ServerConnection.getContentData(ServerConnection.java:238)
2014-10-21 20:25:40,305 [ INFO] objectData == null at connection.ServerConnection.getContentData(ServerConnection.java:250)
2014-10-21 20:25:47,285 [ INFO] Log OUT at connection.ServerConnection.logOut(ServerConnection.java:273)
2014-10-21 20:34:25,829 [ INFO] try to connect to server on port 65535 address /91.218.47.19 at connection.ServerConnection.run(ServerConnection.java:82)
2014-10-21 20:34:25,841 [ INFO] Connected Successeful at connection.ServerConnection.run(ServerConnection.java:87)
2014-10-21 20:34:32,305 [ INFO] start login function at connection.ServerConnection.login(ServerConnection.java:124)
2014-10-21 20:34:32,403 [ INFO] write LOG_IN at connection.ServerConnection.login(ServerConnection.java:137)
2014-10-21 20:34:32,408 [ INFO] write Login data at connection.ServerConnection.login(ServerConnection.java:142)
2014-10-21 20:34:32,409 [ INFO] try to read request ... at connection.ServerConnection.login(ServerConnection.java:145)
2014-10-21 20:34:37,757 [ INFO] start login function at connection.ServerConnection.login(ServerConnection.java:124)
2014-10-21 20:34:37,758 [ INFO] write LOG_IN at connection.ServerConnection.login(ServerConnection.java:137)
2014-10-21 20:34:37,759 [ INFO] write Login data at connection.ServerConnection.login(ServerConnection.java:142)
2014-10-21 20:34:37,760 [ INFO] try to read request ... at connection.ServerConnection.login(ServerConnection.java:145)
2014-10-21 20:34:48,540 [ INFO] start login function at connection.ServerConnection.login(ServerConnection.java:124)
2014-10-21 20:34:48,541 [ INFO] write LOG_IN at connection.ServerConnection.login(ServerConnection.java:137)
2014-10-21 20:34:48,542 [ INFO] write Login data at connection.ServerConnection.login(ServerConnection.java:142)
2014-10-21 20:34:48,543 [ INFO] try to read request ... at connection.ServerConnection.login(ServerConnection.java:145)
2014-10-21 20:34:48,683 [ INFO] in getContentData at connection.ServerConnection.getContentData(ServerConnection.java:229)
2014-10-21 20:34:48,683 [ INFO] try to read data at connection.ServerConnection.getContentData(ServerConnection.java:235)
2014-10-21 20:34:48,698 [ INFO] read data from server  at connection.ServerConnection.getContentData(ServerConnection.java:238)
2014-10-21 20:34:48,743 [ INFO] objectData == null at connection.ServerConnection.getContentData(ServerConnection.java:250)
2014-10-21 20:34:56,051 [ INFO] in getContentData at connection.ServerConnection.getContentData(ServerConnection.java:229)
2014-10-21 20:34:56,052 [ INFO] try to read data at connection.ServerConnection.getContentData(ServerConnection.java:235)
2014-10-21 20:34:56,175 [ INFO] read data from server  at connection.ServerConnection.getContentData(ServerConnection.java:238)
2014-10-21 20:34:56,178 [ INFO] objectData == null at connection.ServerConnection.getContentData(ServerConnection.java:250)
2014-10-21 20:38:25,890 [ INFO] try to connect to server on port 65535 address /91.218.47.19 at connection.ServerConnection.run(ServerConnection.java:82)
2014-10-21 20:38:25,898 [ INFO] Connected Successeful at connection.ServerConnection.run(ServerConnection.java:87)
2014-10-21 20:38:33,029 [ INFO] start login function at connection.ServerConnection.login(ServerConnection.java:124)
2014-10-21 20:38:33,035 [ INFO] write LOG_IN at connection.ServerConnection.login(ServerConnection.java:137)
2014-10-21 20:38:33,040 [ INFO] write Login data at connection.ServerConnection.login(ServerConnection.java:142)
2014-10-21 20:38:33,041 [ INFO] try to read request ... at connection.ServerConnection.login(ServerConnection.java:145)
2014-10-21 20:38:33,189 [ INFO] in getContentData at connection.ServerConnection.getContentData(ServerConnection.java:229)
2014-10-21 20:38:33,190 [ INFO] try to read data at connection.ServerConnection.getContentData(ServerConnection.java:235)
2014-10-21 20:38:33,197 [ INFO] read data from server  at connection.ServerConnection.getContentData(ServerConnection.java:238)
2014-10-21 20:38:33,242 [ INFO] objectData == null at connection.ServerConnection.getContentData(ServerConnection.java:250)
2014-10-21 20:39:29,524 [ INFO] Log OUT at connection.ServerConnection.logOut(ServerConnection.java:273)
2014-10-27 13:17:30,954 [ INFO] try to connect to server on port 65535 address /91.218.47.19 at connection.ServerConnection.run(ServerConnection.java:82)
2014-10-27 13:17:46,109 [ERROR] java.net.NoRouteToHostException: Нет маршрута до узла at connection.ServerConnection.run(ServerConnection.java:95)
2014-10-27 13:17:46,109 [ INFO] Unknown inet address ERROR at connection.ServerConnection.run(ServerConnection.java:96)
2014-10-27 13:17:46,110 [ INFO] не удалось соединиться с сервером. Попробуйте позже. at connection.ServerConnection.run(ServerConnection.java:97)
2014-10-27 13:17:46,110 [ INFO] Log OUT at connection.ServerConnection.logOut(ServerConnection.java:273)
2014-10-27 13:17:49,913 [ INFO] Log OUT at connection.ServerConnection.logOut(ServerConnection.java:273)
2015-03-18 21:14:21,950 [ INFO] try to connect to server on port 65535 address /91.218.47.19 at connection.ServerConnection.run(ServerConnection.java:82)
2015-03-18 21:14:22,031 [ERROR] java.net.ConnectException: В соединении отказано at connection.ServerConnection.run(ServerConnection.java:95)
2015-03-18 21:14:22,032 [ INFO] Unknown inet address ERROR at connection.ServerConnection.run(ServerConnection.java:96)
2015-03-18 21:14:22,032 [ INFO] не удалось соединиться с сервером. Попробуйте позже. at connection.ServerConnection.run(ServerConnection.java:97)
2015-03-18 21:14:22,033 [ INFO] Log OUT at connection.ServerConnection.logOut(ServerConnection.java:273)
2015-03-18 21:14:28,462 [ INFO] Log OUT at connection.ServerConnection.logOut(ServerConnection.java:273)
2015-03-18 21:14:53,741 [ INFO] try to connect to server on port 65535 address /127.0.0.1 at connection.ServerConnection.run(ServerConnection.java:82)
2015-03-18 21:14:53,751 [ INFO] Connected Successeful at connection.ServerConnection.run(ServerConnection.java:87)
2015-03-18 21:15:11,656 [ INFO] start login function at connection.ServerConnection.login(ServerConnection.java:124)
2015-03-18 21:15:11,672 [ INFO] write LOG_IN at connection.ServerConnection.login(ServerConnection.java:137)
2015-03-18 21:15:11,684 [ INFO] write Login data at connection.ServerConnection.login(ServerConnection.java:142)
2015-03-18 21:15:11,685 [ INFO] try to read request ... at connection.ServerConnection.login(ServerConnection.java:145)
2015-03-18 21:15:12,146 [ INFO] in getContentData at connection.ServerConnection.getContentData(ServerConnection.java:229)
2015-03-18 21:15:12,149 [ INFO] try to read data at connection.ServerConnection.getContentData(ServerConnection.java:235)
2015-03-18 21:15:12,154 [ INFO] read data from server  at connection.ServerConnection.getContentData(ServerConnection.java:238)
2015-03-18 21:15:12,154 [ INFO] objectData == null at connection.ServerConnection.getContentData(ServerConnection.java:250)
2015-03-18 21:15:48,080 [ INFO] Log OUT at connection.ServerConnection.logOut(ServerConnection.java:273)
2015-03-18 21:17:16,706 [ INFO] try to connect to server on port 65535 address /127.0.0.1 at connection.ServerConnection.run(ServerConnection.java:82)
2015-03-18 21:17:16,716 [ INFO] Connected Successeful at connection.ServerConnection.run(ServerConnection.java:87)
2015-03-18 21:17:21,874 [ INFO] start login function at connection.ServerConnection.login(ServerConnection.java:124)
2015-03-18 21:17:21,881 [ INFO] write LOG_IN at connection.ServerConnection.login(ServerConnection.java:137)
2015-03-18 21:17:21,889 [ INFO] write Login data at connection.ServerConnection.login(ServerConnection.java:142)
2015-03-18 21:17:21,890 [ INFO] try to read request ... at connection.ServerConnection.login(ServerConnection.java:145)
2015-03-18 21:17:22,008 [ INFO] in getContentData at connection.ServerConnection.getContentData(ServerConnection.java:229)
2015-03-18 21:17:22,014 [ INFO] try to read data at connection.ServerConnection.getContentData(ServerConnection.java:235)
2015-03-18 21:17:22,015 [ INFO] read data from server  at connection.ServerConnection.getContentData(ServerConnection.java:238)
2015-03-18 21:17:22,018 [ INFO] objectData == null at connection.ServerConnection.getContentData(ServerConnection.java:250)
2015-03-18 21:18:07,748 [ INFO] Log OUT at connection.ServerConnection.logOut(ServerConnection.java:273)
2015-03-18 21:20:55,929 [ INFO] try to connect to server on port 65535 address /127.0.0.1 at connection.ServerConnection.run(ServerConnection.java:82)
2015-03-18 21:20:55,941 [ INFO] Connected Successeful at connection.ServerConnection.run(ServerConnection.java:87)
2015-03-18 21:21:28,572 [ INFO] Log OUT at connection.ServerConnection.logOut(ServerConnection.java:273)
2015-03-18 21:23:36,501 [ INFO] try to connect to server on port 65535 address /127.0.0.1 at connection.ServerConnection.run(ServerConnection.java:82)
2015-03-18 21:23:36,512 [ INFO] Connected Successeful at connection.ServerConnection.run(ServerConnection.java:87)
2015-03-18 21:24:45,467 [ INFO] start login function at connection.ServerConnection.login(ServerConnection.java:124)
2015-03-18 21:24:45,480 [ INFO] write LOG_IN at connection.ServerConnection.login(ServerConnection.java:137)
2015-03-18 21:24:45,499 [ INFO] write Login data at connection.ServerConnection.login(ServerConnection.java:142)
2015-03-18 21:24:45,500 [ INFO] try to read request ... at connection.ServerConnection.login(ServerConnection.java:145)
2015-03-18 21:24:45,776 [ INFO] in getContentData at connection.ServerConnection.getContentData(ServerConnection.java:229)
2015-03-18 21:24:45,778 [ INFO] try to read data at connection.ServerConnection.getContentData(ServerConnection.java:235)
2015-03-18 21:24:45,798 [ INFO] read data from server  at connection.ServerConnection.getContentData(ServerConnection.java:238)
2015-03-18 21:24:45,799 [ INFO] objectData == null at connection.ServerConnection.getContentData(ServerConnection.java:250)
2015-03-18 21:25:01,515 [ INFO] Log OUT at connection.ServerConnection.logOut(ServerConnection.java:273)
2015-03-18 21:25:11,407 [ INFO] try to connect to server on port 65535 address /127.0.0.1 at connection.ServerConnection.run(ServerConnection.java:82)
2015-03-18 21:25:11,415 [ INFO] Connected Successeful at connection.ServerConnection.run(ServerConnection.java:87)
2015-03-19 20:27:35,211 [ INFO] try to connect to server on port 65535 address /127.0.0.1 at connection.ServerConnection.run(ServerConnection.java:82)
2015-03-19 20:27:35,229 [ INFO] Connected Successeful at connection.ServerConnection.run(ServerConnection.java:87)
2015-03-19 20:27:49,322 [ INFO] start login function at connection.ServerConnection.login(ServerConnection.java:124)
2015-03-19 20:27:49,343 [ INFO] write LOG_IN at connection.ServerConnection.login(ServerConnection.java:137)
2015-03-19 20:27:49,348 [ INFO] write Login data at connection.ServerConnection.login(ServerConnection.java:142)
2015-03-19 20:27:49,348 [ INFO] try to read request ... at connection.ServerConnection.login(ServerConnection.java:145)
2015-03-19 20:27:49,673 [ INFO] in getContentData at connection.ServerConnection.getContentData(ServerConnection.java:229)
2015-03-19 20:27:49,674 [ INFO] try to read data at connection.ServerConnection.getContentData(ServerConnection.java:235)
2015-03-19 20:27:49,708 [ INFO] read data from server  at connection.ServerConnection.getContentData(ServerConnection.java:238)
2015-03-19 20:27:49,709 [ INFO] objectData == null at connection.ServerConnection.getContentData(ServerConnection.java:250)
2015-03-19 20:28:13,067 [ INFO] in getContentData at connection.ServerConnection.getContentData(ServerConnection.java:229)
2015-03-19 20:28:13,068 [ INFO] try to read data at connection.ServerConnection.getContentData(ServerConnection.java:235)
2015-03-19 20:28:13,070 [ INFO] read data from server  at connection.ServerConnection.getContentData(ServerConnection.java:238)
2015-03-19 20:28:13,071 [ INFO] objectData == null at connection.ServerConnection.getContentData(ServerConnection.java:250)
2015-03-19 20:28:33,843 [ INFO] Log OUT at connection.ServerConnection.logOut(ServerConnection.java:273)
2015-03-19 20:29:34,803 [ INFO] try to connect to server on port 65535 address /127.0.0.1 at connection.ServerConnection.run(ServerConnection.java:82)
2015-03-19 20:29:34,812 [ INFO] Connected Successeful at connection.ServerConnection.run(ServerConnection.java:87)
2015-03-19 20:29:42,848 [ INFO] start login function at connection.ServerConnection.login(ServerConnection.java:124)
2015-03-19 20:29:42,856 [ INFO] write LOG_IN at connection.ServerConnection.login(ServerConnection.java:137)
2015-03-19 20:29:42,864 [ INFO] write Login data at connection.ServerConnection.login(ServerConnection.java:142)
2015-03-19 20:29:42,865 [ INFO] try to read request ... at connection.ServerConnection.login(ServerConnection.java:145)
2015-03-19 20:29:42,984 [ INFO] in getContentData at connection.ServerConnection.getContentData(ServerConnection.java:229)
2015-03-19 20:29:42,985 [ INFO] try to read data at connection.ServerConnection.getContentData(ServerConnection.java:235)
2015-03-19 20:29:42,989 [ INFO] read data from server  at connection.ServerConnection.getContentData(ServerConnection.java:238)
2015-03-19 20:29:43,026 [ INFO] objectData == null at connection.ServerConnection.getContentData(ServerConnection.java:250)
2015-03-19 20:29:55,434 [ INFO] Log OUT at connection.ServerConnection.logOut(ServerConnection.java:273)
2015-03-19 22:01:51,896 [ INFO] try to connect to server on port 65535 address /127.0.0.1 at connection.ServerConnection.run(ServerConnection.java:82)
2015-03-19 22:01:51,915 [ INFO] Connected Successeful at connection.ServerConnection.run(ServerConnection.java:87)
2015-03-19 22:01:56,667 [ INFO] start login function at connection.ServerConnection.login(ServerConnection.java:124)
2015-03-19 22:01:56,676 [ INFO] write LOG_IN at connection.ServerConnection.login(ServerConnection.java:137)
2015-03-19 22:01:56,692 [ INFO] write Login data at connection.ServerConnection.login(ServerConnection.java:142)
2015-03-19 22:01:56,693 [ INFO] try to read request ... at connection.ServerConnection.login(ServerConnection.java:145)
2015-03-19 22:01:56,871 [ INFO] in getContentData at connection.ServerConnection.getContentData(ServerConnection.java:229)
2015-03-19 22:01:56,872 [ INFO] try to read data at connection.ServerConnection.getContentData(ServerConnection.java:235)
2015-03-19 22:01:56,889 [ INFO] read data from server  at connection.ServerConnection.getContentData(ServerConnection.java:238)
2015-03-19 22:01:56,938 [ INFO] objectData == null at connection.ServerConnection.getContentData(ServerConnection.java:250)
2015-03-19 22:02:18,310 [ INFO] Log OUT at connection.ServerConnection.logOut(ServerConnection.java:273)
2015-03-19 22:55:44,604 [ INFO] try to connect to server on port 65535 address /127.0.0.1 at connection.ServerConnection.run(ServerConnection.java:82)
2015-03-19 22:55:44,690 [ERROR] java.net.ConnectException: В соединении отказано at connection.ServerConnection.run(ServerConnection.java:95)
2015-03-19 22:55:44,691 [ INFO] Unknown inet address ERROR at connection.ServerConnection.run(ServerConnection.java:96)
2015-03-19 22:55:44,691 [ INFO] не удалось соединиться с сервером. Попробуйте позже. at connection.ServerConnection.run(ServerConnection.java:97)
2015-03-19 22:55:44,691 [ INFO] Log OUT at connection.ServerConnection.logOut(ServerConnection.java:273)
2015-03-19 22:56:43,076 [ INFO] Log OUT at connection.ServerConnection.logOut(ServerConnection.java:273)
2015-03-19 23:22:36,904 [ INFO] try to connect to server on port 65535 address /127.0.0.1 at connection.ServerConnection.run(ServerConnection.java:82)
2015-03-19 23:22:36,941 [ INFO] Connected Successeful at connection.ServerConnection.run(ServerConnection.java:87)
2015-03-19 23:22:41,891 [ INFO] start login function at connection.ServerConnection.login(ServerConnection.java:124)
2015-03-19 23:22:41,949 [ INFO] write LOG_IN at connection.ServerConnection.login(ServerConnection.java:137)
2015-03-19 23:22:41,967 [ INFO] write Login data at connection.ServerConnection.login(ServerConnection.java:142)
2015-03-19 23:22:41,969 [ INFO] try to read request ... at connection.ServerConnection.login(ServerConnection.java:145)
2015-03-19 23:22:42,201 [ INFO] in getContentData at connection.ServerConnection.getContentData(ServerConnection.java:229)
2015-03-19 23:22:42,202 [ INFO] try to read data at connection.ServerConnection.getContentData(ServerConnection.java:235)
2015-03-19 23:22:42,210 [ INFO] read data from server  at connection.ServerConnection.getContentData(ServerConnection.java:238)
2015-03-19 23:22:42,294 [ INFO] objectData == null at connection.ServerConnection.getContentData(ServerConnection.java:250)
2015-03-19 23:23:09,312 [ INFO] Log OUT at connection.ServerConnection.logOut(ServerConnection.java:273)
2015-03-19 23:23:17,037 [ INFO] try to connect to server on port 65535 address /127.0.0.1 at connection.ServerConnection.run(ServerConnection.java:82)
2015-03-19 23:23:17,061 [ INFO] Connected Successeful at connection.ServerConnection.run(ServerConnection.java:87)
2015-03-19 23:23:22,683 [ INFO] start login function at connection.ServerConnection.login(ServerConnection.java:124)
2015-03-19 23:23:22,693 [ INFO] write LOG_IN at connection.ServerConnection.login(ServerConnection.java:137)
2015-03-19 23:23:22,703 [ INFO] write Login data at connection.ServerConnection.login(ServerConnection.java:142)
2015-03-19 23:23:22,704 [ INFO] try to read request ... at connection.ServerConnection.login(ServerConnection.java:145)
2015-03-19 23:23:29,926 [ INFO] start login function at connection.ServerConnection.login(ServerConnection.java:124)
2015-03-19 23:23:29,928 [ INFO] write LOG_IN at connection.ServerConnection.login(ServerConnection.java:137)
2015-03-19 23:23:29,929 [ INFO] write Login data at connection.ServerConnection.login(ServerConnection.java:142)
2015-03-19 23:23:29,930 [ INFO] try to read request ... at connection.ServerConnection.login(ServerConnection.java:145)
2015-03-19 23:23:30,100 [ INFO] in getContentData at connection.ServerConnection.getContentData(ServerConnection.java:229)
2015-03-19 23:23:30,103 [ INFO] try to read data at connection.ServerConnection.getContentData(ServerConnection.java:235)
2015-03-19 23:23:30,104 [ INFO] read data from server  at connection.ServerConnection.getContentData(ServerConnection.java:238)
2015-03-19 23:23:30,151 [ INFO] objectData == null at connection.ServerConnection.getContentData(ServerConnection.java:250)
2015-03-19 23:23:38,349 [ INFO] Log OUT at connection.ServerConnection.logOut(ServerConnection.java:273)
2015-03-19 23:30:22,314 [ INFO] try to connect to server on port 65535 address /127.0.0.1 at connection.ServerConnection.run(ServerConnection.java:58)
2015-03-19 23:30:22,331 [ERROR] java.net.ConnectException: В соединении отказано at connection.ServerConnection.run(ServerConnection.java:71)
2015-03-19 23:30:22,331 [ INFO] Unknown inet address ERROR at connection.ServerConnection.run(ServerConnection.java:72)
2015-03-19 23:30:22,332 [ INFO] не удалось соединиться с сервером. Попробуйте позже. at connection.ServerConnection.run(ServerConnection.java:73)
2015-03-19 23:30:22,332 [ INFO] Log OUT at connection.ServerConnection.logOut(ServerConnection.java:249)
2015-03-19 23:30:35,455 [ INFO] Log OUT at connection.ServerConnection.logOut(ServerConnection.java:249)
2015-03-25 10:02:52,984 [ INFO] try to connect to server on port 65535 address /127.0.0.1 at connection.ServerConnection.run(ServerConnection.java:58)
2015-03-25 10:02:53,004 [ INFO] Connected Successeful at connection.ServerConnection.run(ServerConnection.java:63)
2015-03-25 10:03:34,696 [ INFO] start login function at connection.ServerConnection.login(ServerConnection.java:100)
2015-03-25 10:03:34,751 [ INFO] write LOG_IN at connection.ServerConnection.login(ServerConnection.java:113)
2015-03-25 10:03:34,759 [ INFO] write Login data at connection.ServerConnection.login(ServerConnection.java:118)
2015-03-25 10:03:34,760 [ INFO] try to read request ... at connection.ServerConnection.login(ServerConnection.java:121)
2015-03-25 10:03:35,088 [ INFO] in getContentData at connection.ServerConnection.getContentData(ServerConnection.java:205)
2015-03-25 10:03:35,089 [ INFO] try to read data at connection.ServerConnection.getContentData(ServerConnection.java:211)
2015-03-25 10:03:35,108 [ INFO] read data from server  at connection.ServerConnection.getContentData(ServerConnection.java:214)
2015-03-25 10:03:35,161 [ INFO] objectData == null at connection.ServerConnection.getContentData(ServerConnection.java:226)
2015-03-25 10:04:06,579 [ INFO] Log OUT at connection.ServerConnection.logOut(ServerConnection.java:249)
2015-03-31 19:17:10,196 [ INFO] try to connect to server on port 65535 address /127.0.0.1 at connection.ServerConnection.run(ServerConnection.java:58)
2015-03-31 19:17:10,308 [ERROR] java.net.ConnectException: В соединении отказано at connection.ServerConnection.run(ServerConnection.java:71)
2015-03-31 19:17:10,308 [ INFO] Unknown inet address ERROR at connection.ServerConnection.run(ServerConnection.java:72)
2015-03-31 19:17:10,309 [ INFO] не удалось соединиться с сервером. Попробуйте позже. at connection.ServerConnection.run(ServerConnection.java:73)
2015-03-31 19:17:10,309 [ INFO] Log OUT at connection.ServerConnection.logOut(ServerConnection.java:249)
2015-03-31 19:17:17,528 [ INFO] Log OUT at connection.ServerConnection.logOut(ServerConnection.java:249)
2015-04-01 19:57:59,214 [ INFO] try to connect to server on port 65535 address /127.0.0.1 at connection.ServerConnection.run(ServerConnection.java:58)
2015-04-01 19:57:59,254 [ERROR] java.net.ConnectException: В соединении отказано at connection.ServerConnection.run(ServerConnection.java:71)
2015-04-01 19:57:59,255 [ INFO] Unknown inet address ERROR at connection.ServerConnection.run(ServerConnection.java:72)
2015-04-01 19:57:59,255 [ INFO] не удалось соединиться с сервером. Попробуйте позже. at connection.ServerConnection.run(ServerConnection.java:73)
2015-04-01 19:57:59,255 [ INFO] Log OUT at connection.ServerConnection.logOut(ServerConnection.java:249)
2015-04-01 19:58:31,055 [ INFO] Log OUT at connection.ServerConnection.logOut(ServerConnection.java:249)
